<?xml version="1.0" encoding="UTF-8"?>
<!-- Generated by org.testng.reporters.JUnitReportReporter -->
<testsuite hostname="DESKTOP-99P843S" failures="0" tests="1" name="com.practice.test.practice" time="8.219" errors="0" timestamp="28 Dec 2022 11:27:52 GMT">
  <testcase classname="com.practice.test.practice" name="login" time="8.219"/>
</testsuite> <!-- com.practice.test.practice -->
