<?xml version="1.0" encoding="UTF-8"?>
<!-- Generated by org.testng.reporters.JUnitReportReporter -->
<testsuite hostname="DESKTOP-99P843S" failures="0" tests="1" name="com.practice.test.practice" time="10.297" errors="0" timestamp="28 Dec 2022 14:38:36 GMT">
  <testcase classname="com.practice.test.practice" name="login" time="10.297"/>
</testsuite> <!-- com.practice.test.practice -->
